<?xml version="1.0" encoding="UTF-8"?>
<!-- Generated by org.testng.reporters.JUnitReportReporter -->
<testsuite hostname="DESKTOP-K1IJUS5" failures="0" tests="1" name="com.automation.tests.UsermenuDropdown" time="6.167" errors="0" timestamp="2024-06-22T13:36:43 EDT" skipped="0">
  <testcase classname="com.automation.tests.UsermenuDropdown" name="logout" time="6.167"/>
  <system-out/>
</testsuite> <!-- com.automation.tests.UsermenuDropdown -->
