<?xml version="1.0" encoding="UTF-8"?>
<!-- Generated by org.testng.reporters.JUnitReportReporter -->
<testsuite hostname="DESKTOP-K1IJUS5" failures="0" tests="1" name="com.automation.tests.Account" time="13.347" errors="0" timestamp="2024-06-23T11:12:14 EDT" skipped="0">
  <testcase classname="com.automation.tests.Account" name="createNewView" time="13.347"/>
  <system-out/>
</testsuite> <!-- com.automation.tests.Account -->
