<?xml version="1.0" encoding="UTF-8"?>
<!-- Generated by org.testng.reporters.JUnitReportReporter -->
<testsuite hostname="DESKTOP-K1IJUS5" failures="0" tests="1" name="com.automation.tests.CreateOpty" time="8.454" errors="0" timestamp="2024-06-23T23:48:31 EDT" skipped="0">
  <testcase classname="com.automation.tests.CreateOpty" name="Opp_Pipeline" time="8.454"/>
  <system-out/>
</testsuite> <!-- com.automation.tests.CreateOpty -->
