<?xml version="1.0" encoding="UTF-8"?>
<!-- Generated by org.testng.reporters.JUnitReportReporter -->
<testsuite hostname="DESKTOP-K1IJUS5" failures="0" tests="1" name="com.automation.tests.Lead" time="11.139" errors="0" timestamp="2024-06-24T00:56:21 EDT" skipped="0">
  <testcase classname="com.automation.tests.Lead" name="leads_New" time="11.139"/>
  <system-out/>
</testsuite> <!-- com.automation.tests.Lead -->
