<?xml version="1.0" encoding="UTF-8"?>
<!-- Generated by org.testng.reporters.JUnitReportReporter -->
<testsuite hostname="DESKTOP-K1IJUS5" failures="0" tests="1" name="com.automation.tests.RandomScenerios" time="12.867" errors="0" timestamp="2024-06-27T17:30:44 EDT" skipped="0">
  <testcase classname="com.automation.tests.RandomScenerios" name="weeklyReccurance" time="12.867"/>
  <system-out/>
</testsuite> <!-- com.automation.tests.RandomScenerios -->
