<?xml version="1.0" encoding="UTF-8"?>
<!-- Generated by org.testng.reporters.JUnitReportReporter -->
<testsuite hostname="DESKTOP-K1IJUS5" failures="0" tests="1" name="com.automation.tests.Contact" time="10.144" errors="0" timestamp="2024-06-25T11:59:14 EDT" skipped="0">
  <testcase classname="com.automation.tests.Contact" name="check_Cancel" time="10.144"/>
  <system-out/>
</testsuite> <!-- com.automation.tests.Contact -->
